1532528602,,ui,say,==> amazon-ebs: Prevalidating AMI Name...
1532528604,,ui,message,    amazon-ebs: Found Image ID: ami-d2414e38
1532528604,,ui,say,==> amazon-ebs: Creating temporary keypair: packer_5b5887da-f904-3666-925e-9c75f241992a
1532528604,,ui,say,==> amazon-ebs: Creating temporary security group for this instance: packer_5b5887dc-4cb5-c3d8-2a51-60f951e8bb6d
1532528605,,ui,say,==> amazon-ebs: Authorizing access to port 22 on the temporary security group...
1532528605,,ui,say,==> amazon-ebs: Launching a source AWS instance...
1532528606,,ui,message,    amazon-ebs: Instance ID: i-0c3984bc2f749e4f2
1532528606,,ui,say,==> amazon-ebs: Waiting for instance (i-0c3984bc2f749e4f2) to become ready...
1532528724,,ui,say,==> amazon-ebs: Adding tags to source instance
1532528724,,ui,message,    amazon-ebs: Adding tag: "Name": "Packer Builder"
1532528724,,ui,say,==> amazon-ebs: Waiting for SSH to become available...
1532528726,,ui,say,==> amazon-ebs: Connected to SSH!
1532528726,,ui,say,==> amazon-ebs: Pausing 10s before the next provisioner...
1532528736,,ui,say,==> amazon-ebs: Provisioning with shell script: scripts/install_software.sh
1532528738,,ui,message,    amazon-ebs: Hit:1 http://eu-west-1.ec2.archive.ubuntu.com/ubuntu bionic InRelease
1532528738,,ui,message,    amazon-ebs: Get:2 http://eu-west-1.ec2.archive.ubuntu.com/ubuntu bionic-updates InRelease [88.7 kB]
1532528738,,ui,message,    amazon-ebs: Get:3 http://eu-west-1.ec2.archive.ubuntu.com/ubuntu bionic-backports InRelease [74.6 kB]
1532528738,,ui,message,    amazon-ebs: Get:4 http://eu-west-1.ec2.archive.ubuntu.com/ubuntu bionic/multiverse Sources [181 kB]
1532528738,,ui,message,    amazon-ebs: Get:5 http://eu-west-1.ec2.archive.ubuntu.com/ubuntu bionic/main Sources [829 kB]
1532528738,,ui,message,    amazon-ebs: Get:6 http://eu-west-1.ec2.archive.ubuntu.com/ubuntu bionic/universe Sources [9051 kB]
1532528738,,ui,message,    amazon-ebs: Get:7 http://security.ubuntu.com/ubuntu bionic-security InRelease [83.2 kB]
1532528738,,ui,message,    amazon-ebs: Get:8 http://eu-west-1.ec2.archive.ubuntu.com/ubuntu bionic/restricted Sources [5324 B]
1532528738,,ui,message,    amazon-ebs: Get:9 http://eu-west-1.ec2.archive.ubuntu.com/ubuntu bionic/universe amd64 Packages [8570 kB]
1532528738,,ui,message,    amazon-ebs: Get:10 http://eu-west-1.ec2.archive.ubuntu.com/ubuntu bionic/universe Translation-en [4941 kB]
1532528739,,ui,message,    amazon-ebs: Get:11 http://eu-west-1.ec2.archive.ubuntu.com/ubuntu bionic/multiverse amd64 Packages [151 kB]
1532528739,,ui,message,    amazon-ebs: Get:12 http://eu-west-1.ec2.archive.ubuntu.com/ubuntu bionic/multiverse Translation-en [108 kB]
1532528739,,ui,message,    amazon-ebs: Get:13 http://eu-west-1.ec2.archive.ubuntu.com/ubuntu bionic-updates/multiverse Sources [2676 B]
1532528739,,ui,message,    amazon-ebs: Get:14 http://eu-west-1.ec2.archive.ubuntu.com/ubuntu bionic-updates/universe Sources [46.8 kB]
1532528739,,ui,message,    amazon-ebs: Get:15 http://eu-west-1.ec2.archive.ubuntu.com/ubuntu bionic-updates/main Sources [148 kB]
1532528739,,ui,message,    amazon-ebs: Get:16 http://eu-west-1.ec2.archive.ubuntu.com/ubuntu bionic-updates/main amd64 Packages [267 kB]
1532528739,,ui,message,    amazon-ebs: Get:17 http://eu-west-1.ec2.archive.ubuntu.com/ubuntu bionic-updates/main Translation-en [101 kB]
1532528739,,ui,message,    amazon-ebs: Get:18 http://eu-west-1.ec2.archive.ubuntu.com/ubuntu bionic-updates/universe amd64 Packages [138 kB]
1532528739,,ui,message,    amazon-ebs: Get:19 http://eu-west-1.ec2.archive.ubuntu.com/ubuntu bionic-updates/universe Translation-en [62.4 kB]
1532528739,,ui,message,    amazon-ebs: Get:20 http://eu-west-1.ec2.archive.ubuntu.com/ubuntu bionic-updates/multiverse amd64 Packages [3772 B]
1532528739,,ui,message,    amazon-ebs: Get:21 http://eu-west-1.ec2.archive.ubuntu.com/ubuntu bionic-updates/multiverse Translation-en [2376 B]
1532528739,,ui,message,    amazon-ebs: Get:22 http://eu-west-1.ec2.archive.ubuntu.com/ubuntu bionic-backports/universe Sources [1160 B]
1532528739,,ui,message,    amazon-ebs: Get:23 http://eu-west-1.ec2.archive.ubuntu.com/ubuntu bionic-backports/universe amd64 Packages [2704 B]
1532528739,,ui,message,    amazon-ebs: Get:24 http://eu-west-1.ec2.archive.ubuntu.com/ubuntu bionic-backports/universe Translation-en [1136 B]
1532528739,,ui,message,    amazon-ebs: Get:25 http://security.ubuntu.com/ubuntu bionic-security/multiverse Sources [1336 B]
1532528739,,ui,message,    amazon-ebs: Get:26 http://security.ubuntu.com/ubuntu bionic-security/universe Sources [9156 B]
1532528739,,ui,message,    amazon-ebs: Get:27 http://security.ubuntu.com/ubuntu bionic-security/main Sources [37.3 kB]
1532528739,,ui,message,    amazon-ebs: Get:28 http://security.ubuntu.com/ubuntu bionic-security/main amd64 Packages [125 kB]
1532528739,,ui,message,    amazon-ebs: Get:29 http://security.ubuntu.com/ubuntu bionic-security/main Translation-en [49.4 kB]
1532528739,,ui,message,    amazon-ebs: Get:30 http://security.ubuntu.com/ubuntu bionic-security/universe amd64 Packages [38.7 kB]
1532528739,,ui,message,    amazon-ebs: Get:31 http://security.ubuntu.com/ubuntu bionic-security/universe Translation-en [22.8 kB]
1532528740,,ui,message,    amazon-ebs: Get:32 http://security.ubuntu.com/ubuntu bionic-security/multiverse amd64 Packages [1440 B]
1532528740,,ui,message,    amazon-ebs: Get:33 http://security.ubuntu.com/ubuntu bionic-security/multiverse Translation-en [996 B]
1532528744,,ui,message,    amazon-ebs: Fetched 25.1 MB in 5s (5391 kB/s)
1532528745,,ui,message,    amazon-ebs: Reading package lists...
1532528745,,ui,message,    amazon-ebs: Reading package lists...
1532528745,,ui,message,    amazon-ebs: Building dependency tree...
1532528745,,ui,message,    amazon-ebs: Reading state information...
1532528746,,ui,message,    amazon-ebs: lvm2 is already the newest version (2.02.176-4.1ubuntu3).
1532528746,,ui,message,    amazon-ebs: vim is already the newest version (2:8.0.1453-1ubuntu1).
1532528746,,ui,message,    amazon-ebs: The following additional packages will be installed:
1532528746,,ui,message,    amazon-ebs: bridge-utils cgroupfs-mount fontconfig-config fonts-dejavu-core
1532528746,,ui,message,    amazon-ebs: libfontconfig1 libgd3 libjbig0 libjpeg-turbo8 libjpeg8 libltdl7
1532528746,,ui,message,    amazon-ebs: libnginx-mod-http-geoip libnginx-mod-http-image-filter
1532528746,,ui,message,    amazon-ebs: libnginx-mod-http-xslt-filter libnginx-mod-mail libnginx-mod-stream libtiff5
1532528746,,ui,message,    amazon-ebs: libwebp6 libxpm4 nginx-common nginx-core ubuntu-fan
1532528746,,ui,message,    amazon-ebs: Suggested packages:
1532528746,,ui,message,    amazon-ebs: ifupdown aufs-tools debootstrap docker-doc rinse zfs-fuse | zfsutils
1532528746,,ui,message,    amazon-ebs: libgd-tools fcgiwrap nginx-doc ssl-cert
1532528746,,ui,message,    amazon-ebs: The following NEW packages will be installed:
1532528746,,ui,message,    amazon-ebs: bridge-utils cgroupfs-mount docker.io fontconfig-config fonts-dejavu-core
1532528746,,ui,message,    amazon-ebs: libfontconfig1 libgd3 libjbig0 libjpeg-turbo8 libjpeg8 libltdl7
1532528746,,ui,message,    amazon-ebs: libnginx-mod-http-geoip libnginx-mod-http-image-filter
1532528746,,ui,message,    amazon-ebs: libnginx-mod-http-xslt-filter libnginx-mod-mail libnginx-mod-stream libtiff5
1532528746,,ui,message,    amazon-ebs: libwebp6 libxpm4 nginx nginx-common nginx-core ubuntu-fan
1532528746,,ui,message,    amazon-ebs: 0 upgraded%!(PACKER_COMMA) 23 newly installed%!(PACKER_COMMA) 0 to remove and 68 not upgraded.
1532528746,,ui,message,    amazon-ebs: Need to get 32.6 MB of archives.
1532528746,,ui,message,    amazon-ebs: After this operation%!(PACKER_COMMA) 145 MB of additional disk space will be used.
1532528746,,ui,message,    amazon-ebs: Get:1 http://eu-west-1.ec2.archive.ubuntu.com/ubuntu bionic-updates/main amd64 libjpeg-turbo8 amd64 1.5.2-0ubuntu5.18.04.1 [110 kB]
1532528746,,ui,message,    amazon-ebs: Get:2 http://eu-west-1.ec2.archive.ubuntu.com/ubuntu bionic/main amd64 bridge-utils amd64 1.5-15ubuntu1 [30.1 kB]
1532528746,,ui,message,    amazon-ebs: Get:3 http://eu-west-1.ec2.archive.ubuntu.com/ubuntu bionic/universe amd64 cgroupfs-mount all 1.4 [6320 B]
1532528746,,ui,message,    amazon-ebs: Get:4 http://eu-west-1.ec2.archive.ubuntu.com/ubuntu bionic/main amd64 libltdl7 amd64 2.4.6-2 [38.8 kB]
1532528746,,ui,message,    amazon-ebs: Get:5 http://eu-west-1.ec2.archive.ubuntu.com/ubuntu bionic/universe amd64 docker.io amd64 17.12.1-0ubuntu1 [30.1 MB]
1532528746,,ui,message,    amazon-ebs: Get:6 http://eu-west-1.ec2.archive.ubuntu.com/ubuntu bionic/main amd64 fonts-dejavu-core all 2.37-1 [1041 kB]
1532528746,,ui,message,    amazon-ebs: Get:7 http://eu-west-1.ec2.archive.ubuntu.com/ubuntu bionic/main amd64 fontconfig-config all 2.12.6-0ubuntu2 [55.8 kB]
1532528746,,ui,message,    amazon-ebs: Get:8 http://eu-west-1.ec2.archive.ubuntu.com/ubuntu bionic/main amd64 libfontconfig1 amd64 2.12.6-0ubuntu2 [137 kB]
1532528746,,ui,message,    amazon-ebs: Get:9 http://eu-west-1.ec2.archive.ubuntu.com/ubuntu bionic/main amd64 libjpeg8 amd64 8c-2ubuntu8 [2194 B]
1532528746,,ui,message,    amazon-ebs: Get:10 http://eu-west-1.ec2.archive.ubuntu.com/ubuntu bionic/main amd64 libjbig0 amd64 2.1-3.1build1 [26.7 kB]
1532528746,,ui,message,    amazon-ebs: Get:11 http://eu-west-1.ec2.archive.ubuntu.com/ubuntu bionic/main amd64 libtiff5 amd64 4.0.9-5 [152 kB]
1532528746,,ui,message,    amazon-ebs: Get:12 http://eu-west-1.ec2.archive.ubuntu.com/ubuntu bionic/main amd64 libwebp6 amd64 0.6.1-2 [185 kB]
1532528746,,ui,message,    amazon-ebs: Get:13 http://eu-west-1.ec2.archive.ubuntu.com/ubuntu bionic/main amd64 libxpm4 amd64 1:3.5.12-1 [34.0 kB]
1532528746,,ui,message,    amazon-ebs: Get:14 http://eu-west-1.ec2.archive.ubuntu.com/ubuntu bionic/main amd64 libgd3 amd64 2.2.5-4 [118 kB]
1532528746,,ui,message,    amazon-ebs: Get:15 http://eu-west-1.ec2.archive.ubuntu.com/ubuntu bionic/main amd64 nginx-common all 1.14.0-0ubuntu1 [37.0 kB]
1532528746,,ui,message,    amazon-ebs: Get:16 http://eu-west-1.ec2.archive.ubuntu.com/ubuntu bionic/main amd64 libnginx-mod-http-geoip amd64 1.14.0-0ubuntu1 [10.8 kB]
1532528746,,ui,message,    amazon-ebs: Get:17 http://eu-west-1.ec2.archive.ubuntu.com/ubuntu bionic/main amd64 libnginx-mod-http-image-filter amd64 1.14.0-0ubuntu1 [14.2 kB]
1532528746,,ui,message,    amazon-ebs: Get:18 http://eu-west-1.ec2.archive.ubuntu.com/ubuntu bionic/main amd64 libnginx-mod-http-xslt-filter amd64 1.14.0-0ubuntu1 [12.6 kB]
1532528746,,ui,message,    amazon-ebs: Get:19 http://eu-west-1.ec2.archive.ubuntu.com/ubuntu bionic/main amd64 libnginx-mod-mail amd64 1.14.0-0ubuntu1 [41.4 kB]
1532528746,,ui,message,    amazon-ebs: Get:20 http://eu-west-1.ec2.archive.ubuntu.com/ubuntu bionic/main amd64 libnginx-mod-stream amd64 1.14.0-0ubuntu1 [63.3 kB]
1532528746,,ui,message,    amazon-ebs: Get:21 http://eu-west-1.ec2.archive.ubuntu.com/ubuntu bionic/main amd64 nginx-core amd64 1.14.0-0ubuntu1 [412 kB]
1532528746,,ui,message,    amazon-ebs: Get:22 http://eu-west-1.ec2.archive.ubuntu.com/ubuntu bionic/main amd64 nginx all 1.14.0-0ubuntu1 [3596 B]
1532528746,,ui,message,    amazon-ebs: Get:23 http://eu-west-1.ec2.archive.ubuntu.com/ubuntu bionic/main amd64 ubuntu-fan all 0.12.10 [34.7 kB]
1532528747,,ui,message,    amazon-ebs: debconf: unable to initialize frontend: Dialog
1532528747,,ui,message,    amazon-ebs: debconf: (Dialog frontend will not work on a dumb terminal%!(PACKER_COMMA) an emacs shell buffer%!(PACKER_COMMA) or without a controlling terminal.)
1532528747,,ui,message,    amazon-ebs: debconf: falling back to frontend: Readline
1532528747,,ui,message,    amazon-ebs: debconf: unable to initialize frontend: Readline
1532528747,,ui,message,    amazon-ebs: debconf: (This frontend requires a controlling tty.)
1532528747,,ui,message,    amazon-ebs: debconf: falling back to frontend: Teletype
1532528747,,ui,message,    amazon-ebs: dpkg-preconfigure: unable to re-open stdin:
1532528747,,ui,message,    amazon-ebs: Fetched 32.6 MB in 1s (39.1 MB/s)
1532528747,,ui,message,    amazon-ebs: Selecting previously unselected package libjpeg-turbo8:amd64.
1532528747,,ui,message,    amazon-ebs: (Reading database ... 56448 files and directories currently installed.)
1532528747,,ui,message,    amazon-ebs: Preparing to unpack .../00-libjpeg-turbo8_1.5.2-0ubuntu5.18.04.1_amd64.deb ...
1532528747,,ui,message,    amazon-ebs: Unpacking libjpeg-turbo8:amd64 (1.5.2-0ubuntu5.18.04.1) ...
1532528747,,ui,message,    amazon-ebs: Selecting previously unselected package bridge-utils.
1532528747,,ui,message,    amazon-ebs: Preparing to unpack .../01-bridge-utils_1.5-15ubuntu1_amd64.deb ...
1532528747,,ui,message,    amazon-ebs: Unpacking bridge-utils (1.5-15ubuntu1) ...
1532528747,,ui,message,    amazon-ebs: Selecting previously unselected package cgroupfs-mount.
1532528747,,ui,message,    amazon-ebs: Preparing to unpack .../02-cgroupfs-mount_1.4_all.deb ...
1532528747,,ui,message,    amazon-ebs: Unpacking cgroupfs-mount (1.4) ...
1532528747,,ui,message,    amazon-ebs: Selecting previously unselected package libltdl7:amd64.
1532528747,,ui,message,    amazon-ebs: Preparing to unpack .../03-libltdl7_2.4.6-2_amd64.deb ...
1532528747,,ui,message,    amazon-ebs: Unpacking libltdl7:amd64 (2.4.6-2) ...
1532528747,,ui,message,    amazon-ebs: Selecting previously unselected package docker.io.
1532528747,,ui,message,    amazon-ebs: Preparing to unpack .../04-docker.io_17.12.1-0ubuntu1_amd64.deb ...
1532528747,,ui,message,    amazon-ebs: Unpacking docker.io (17.12.1-0ubuntu1) ...
1532528751,,ui,message,    amazon-ebs: Selecting previously unselected package fonts-dejavu-core.
1532528751,,ui,message,    amazon-ebs: Preparing to unpack .../05-fonts-dejavu-core_2.37-1_all.deb ...
1532528751,,ui,message,    amazon-ebs: Unpacking fonts-dejavu-core (2.37-1) ...
1532528751,,ui,message,    amazon-ebs: Selecting previously unselected package fontconfig-config.
1532528751,,ui,message,    amazon-ebs: Preparing to unpack .../06-fontconfig-config_2.12.6-0ubuntu2_all.deb ...
1532528751,,ui,message,    amazon-ebs: Unpacking fontconfig-config (2.12.6-0ubuntu2) ...
1532528751,,ui,message,    amazon-ebs: Selecting previously unselected package libfontconfig1:amd64.
1532528751,,ui,message,    amazon-ebs: Preparing to unpack .../07-libfontconfig1_2.12.6-0ubuntu2_amd64.deb ...
1532528751,,ui,message,    amazon-ebs: Unpacking libfontconfig1:amd64 (2.12.6-0ubuntu2) ...
1532528751,,ui,message,    amazon-ebs: Selecting previously unselected package libjpeg8:amd64.
1532528751,,ui,message,    amazon-ebs: Preparing to unpack .../08-libjpeg8_8c-2ubuntu8_amd64.deb ...
1532528751,,ui,message,    amazon-ebs: Unpacking libjpeg8:amd64 (8c-2ubuntu8) ...
1532528751,,ui,message,    amazon-ebs: Selecting previously unselected package libjbig0:amd64.
1532528751,,ui,message,    amazon-ebs: Preparing to unpack .../09-libjbig0_2.1-3.1build1_amd64.deb ...
1532528751,,ui,message,    amazon-ebs: Unpacking libjbig0:amd64 (2.1-3.1build1) ...
1532528751,,ui,message,    amazon-ebs: Selecting previously unselected package libtiff5:amd64.
1532528751,,ui,message,    amazon-ebs: Preparing to unpack .../10-libtiff5_4.0.9-5_amd64.deb ...
1532528751,,ui,message,    amazon-ebs: Unpacking libtiff5:amd64 (4.0.9-5) ...
1532528751,,ui,message,    amazon-ebs: Selecting previously unselected package libwebp6:amd64.
1532528751,,ui,message,    amazon-ebs: Preparing to unpack .../11-libwebp6_0.6.1-2_amd64.deb ...
1532528751,,ui,message,    amazon-ebs: Unpacking libwebp6:amd64 (0.6.1-2) ...
1532528751,,ui,message,    amazon-ebs: Selecting previously unselected package libxpm4:amd64.
1532528751,,ui,message,    amazon-ebs: Preparing to unpack .../12-libxpm4_1%3a3.5.12-1_amd64.deb ...
1532528751,,ui,message,    amazon-ebs: Unpacking libxpm4:amd64 (1:3.5.12-1) ...
1532528752,,ui,message,    amazon-ebs: Selecting previously unselected package libgd3:amd64.
1532528752,,ui,message,    amazon-ebs: Preparing to unpack .../13-libgd3_2.2.5-4_amd64.deb ...
1532528752,,ui,message,    amazon-ebs: Unpacking libgd3:amd64 (2.2.5-4) ...
1532528752,,ui,message,    amazon-ebs: Selecting previously unselected package nginx-common.
1532528752,,ui,message,    amazon-ebs: Preparing to unpack .../14-nginx-common_1.14.0-0ubuntu1_all.deb ...
1532528752,,ui,message,    amazon-ebs: Unpacking nginx-common (1.14.0-0ubuntu1) ...
1532528752,,ui,message,    amazon-ebs: Selecting previously unselected package libnginx-mod-http-geoip.
1532528752,,ui,message,    amazon-ebs: Preparing to unpack .../15-libnginx-mod-http-geoip_1.14.0-0ubuntu1_amd64.deb ...
1532528752,,ui,message,    amazon-ebs: Unpacking libnginx-mod-http-geoip (1.14.0-0ubuntu1) ...
1532528752,,ui,message,    amazon-ebs: Selecting previously unselected package libnginx-mod-http-image-filter.
1532528752,,ui,message,    amazon-ebs: Preparing to unpack .../16-libnginx-mod-http-image-filter_1.14.0-0ubuntu1_amd64.deb ...
1532528752,,ui,message,    amazon-ebs: Unpacking libnginx-mod-http-image-filter (1.14.0-0ubuntu1) ...
1532528752,,ui,message,    amazon-ebs: Selecting previously unselected package libnginx-mod-http-xslt-filter.
1532528752,,ui,message,    amazon-ebs: Preparing to unpack .../17-libnginx-mod-http-xslt-filter_1.14.0-0ubuntu1_amd64.deb ...
1532528752,,ui,message,    amazon-ebs: Unpacking libnginx-mod-http-xslt-filter (1.14.0-0ubuntu1) ...
1532528752,,ui,message,    amazon-ebs: Selecting previously unselected package libnginx-mod-mail.
1532528752,,ui,message,    amazon-ebs: Preparing to unpack .../18-libnginx-mod-mail_1.14.0-0ubuntu1_amd64.deb ...
1532528752,,ui,message,    amazon-ebs: Unpacking libnginx-mod-mail (1.14.0-0ubuntu1) ...
1532528752,,ui,message,    amazon-ebs: Selecting previously unselected package libnginx-mod-stream.
1532528752,,ui,message,    amazon-ebs: Preparing to unpack .../19-libnginx-mod-stream_1.14.0-0ubuntu1_amd64.deb ...
1532528752,,ui,message,    amazon-ebs: Unpacking libnginx-mod-stream (1.14.0-0ubuntu1) ...
1532528752,,ui,message,    amazon-ebs: Selecting previously unselected package nginx-core.
1532528752,,ui,message,    amazon-ebs: Preparing to unpack .../20-nginx-core_1.14.0-0ubuntu1_amd64.deb ...
1532528752,,ui,message,    amazon-ebs: Unpacking nginx-core (1.14.0-0ubuntu1) ...
1532528752,,ui,message,    amazon-ebs: Selecting previously unselected package nginx.
1532528752,,ui,message,    amazon-ebs: Preparing to unpack .../21-nginx_1.14.0-0ubuntu1_all.deb ...
1532528752,,ui,message,    amazon-ebs: Unpacking nginx (1.14.0-0ubuntu1) ...
1532528752,,ui,message,    amazon-ebs: Selecting previously unselected package ubuntu-fan.
1532528752,,ui,message,    amazon-ebs: Preparing to unpack .../22-ubuntu-fan_0.12.10_all.deb ...
1532528752,,ui,message,    amazon-ebs: Unpacking ubuntu-fan (0.12.10) ...
1532528752,,ui,message,    amazon-ebs: Processing triggers for ufw (0.35-5) ...
1532528752,,ui,message,    amazon-ebs: Processing triggers for ureadahead (0.100.0-20) ...
1532528752,,ui,message,    amazon-ebs: Setting up libjbig0:amd64 (2.1-3.1build1) ...
1532528752,,ui,message,    amazon-ebs: Setting up fonts-dejavu-core (2.37-1) ...
1532528752,,ui,message,    amazon-ebs: Setting up nginx-common (1.14.0-0ubuntu1) ...
1532528753,,ui,message,    amazon-ebs: debconf: unable to initialize frontend: Dialog
1532528753,,ui,message,    amazon-ebs: debconf: (Dialog frontend will not work on a dumb terminal%!(PACKER_COMMA) an emacs shell buffer%!(PACKER_COMMA) or without a controlling terminal.)
1532528753,,ui,message,    amazon-ebs: debconf: falling back to frontend: Readline
1532528753,,ui,message,    amazon-ebs: Created symlink /etc/systemd/system/multi-user.target.wants/nginx.service → /lib/systemd/system/nginx.service.
1532528753,,ui,message,    amazon-ebs: Setting up libjpeg-turbo8:amd64 (1.5.2-0ubuntu5.18.04.1) ...
1532528753,,ui,message,    amazon-ebs: Setting up cgroupfs-mount (1.4) ...
1532528754,,ui,message,    amazon-ebs: Setting up bridge-utils (1.5-15ubuntu1) ...
1532528754,,ui,message,    amazon-ebs: debconf: unable to initialize frontend: Dialog
1532528754,,ui,message,    amazon-ebs: debconf: (Dialog frontend will not work on a dumb terminal%!(PACKER_COMMA) an emacs shell buffer%!(PACKER_COMMA) or without a controlling terminal.)
1532528754,,ui,message,    amazon-ebs: debconf: falling back to frontend: Readline
1532528754,,ui,message,    amazon-ebs: Processing triggers for libc-bin (2.27-3ubuntu1) ...
1532528754,,ui,message,    amazon-ebs: Setting up ubuntu-fan (0.12.10) ...
1532528754,,ui,message,    amazon-ebs: Created symlink /etc/systemd/system/multi-user.target.wants/ubuntu-fan.service → /lib/systemd/system/ubuntu-fan.service.
1532528755,,ui,message,    amazon-ebs: Processing triggers for systemd (237-3ubuntu10) ...
1532528755,,ui,message,    amazon-ebs: Setting up libltdl7:amd64 (2.4.6-2) ...
1532528755,,ui,message,    amazon-ebs: Setting up libnginx-mod-mail (1.14.0-0ubuntu1) ...
1532528755,,ui,message,    amazon-ebs: Setting up libxpm4:amd64 (1:3.5.12-1) ...
1532528755,,ui,message,    amazon-ebs: Processing triggers for man-db (2.8.3-2) ...
1532528757,,ui,message,    amazon-ebs: Setting up libnginx-mod-http-xslt-filter (1.14.0-0ubuntu1) ...
1532528757,,ui,message,    amazon-ebs: Setting up libnginx-mod-http-geoip (1.14.0-0ubuntu1) ...
1532528757,,ui,message,    amazon-ebs: Setting up libwebp6:amd64 (0.6.1-2) ...
1532528757,,ui,message,    amazon-ebs: Setting up libjpeg8:amd64 (8c-2ubuntu8) ...
1532528757,,ui,message,    amazon-ebs: Setting up fontconfig-config (2.12.6-0ubuntu2) ...
1532528757,,ui,message,    amazon-ebs: Setting up libnginx-mod-stream (1.14.0-0ubuntu1) ...
1532528757,,ui,message,    amazon-ebs: Setting up docker.io (17.12.1-0ubuntu1) ...
1532528757,,ui,message,    amazon-ebs: debconf: unable to initialize frontend: Dialog
1532528757,,ui,message,    amazon-ebs: debconf: (Dialog frontend will not work on a dumb terminal%!(PACKER_COMMA) an emacs shell buffer%!(PACKER_COMMA) or without a controlling terminal.)
1532528757,,ui,message,    amazon-ebs: debconf: falling back to frontend: Readline
1532528757,,ui,message,    amazon-ebs: Adding group `docker' (GID 115) ...
1532528757,,ui,message,    amazon-ebs: Done.
1532528757,,ui,message,    amazon-ebs: Created symlink /etc/systemd/system/sockets.target.wants/docker.socket → /lib/systemd/system/docker.socket.
1532528758,,ui,message,    amazon-ebs: Setting up libtiff5:amd64 (4.0.9-5) ...
1532528758,,ui,message,    amazon-ebs: Setting up libfontconfig1:amd64 (2.12.6-0ubuntu2) ...
1532528758,,ui,message,    amazon-ebs: Setting up libgd3:amd64 (2.2.5-4) ...
1532528758,,ui,message,    amazon-ebs: Setting up libnginx-mod-http-image-filter (1.14.0-0ubuntu1) ...
1532528758,,ui,message,    amazon-ebs: Setting up nginx-core (1.14.0-0ubuntu1) ...
1532528759,,ui,message,    amazon-ebs: Setting up nginx (1.14.0-0ubuntu1) ...
1532528759,,ui,message,    amazon-ebs: Processing triggers for ureadahead (0.100.0-20) ...
1532528759,,ui,message,    amazon-ebs: Processing triggers for ufw (0.35-5) ...
1532528759,,ui,message,    amazon-ebs: Processing triggers for libc-bin (2.27-3ubuntu1) ...
1532528759,,ui,message,    amazon-ebs: Processing triggers for systemd (237-3ubuntu10) ...
1532528761,,ui,say,==> amazon-ebs: Stopping the source instance...
1532528761,,ui,message,    amazon-ebs: Stopping instance%!(PACKER_COMMA) attempt 1
1532528761,,ui,say,==> amazon-ebs: Waiting for the instance to stop...
1532528809,,ui,say,==> amazon-ebs: Creating the AMI: packer-example 1532528602
1532528809,,ui,message,    amazon-ebs: AMI: ami-0cf200791013a7213
1532528809,,ui,say,==> amazon-ebs: Waiting for AMI to become ready...
1532528882,,ui,say,==> amazon-ebs: Terminating the source AWS instance...
1532528889,,ui,say,==> amazon-ebs: Cleaning up any extra volumes...
1532528889,,ui,say,==> amazon-ebs: No volumes to clean up%!(PACKER_COMMA) skipping
1532528889,,ui,say,==> amazon-ebs: Deleting temporary security group...
1532528889,,ui,say,==> amazon-ebs: Deleting temporary keypair...
1532528889,,ui,say,Build 'amazon-ebs' finished.
1532528889,,ui,say,\n==> Builds finished. The artifacts of successful builds are:
1532528889,amazon-ebs,artifact-count,1
1532528889,amazon-ebs,artifact,0,builder-id,mitchellh.amazonebs
1532528889,amazon-ebs,artifact,0,id,eu-west-1:ami-0cf200791013a7213
1532528889,amazon-ebs,artifact,0,string,AMIs were created:\n\neu-west-1: ami-0cf200791013a7213
1532528889,amazon-ebs,artifact,0,files-count,0
1532528889,amazon-ebs,artifact,0,end
1532528889,,ui,say,--> amazon-ebs: AMIs were created:\n\neu-west-1: ami-0cf200791013a7213
